22:26:15.435 INFO [ActiveSessionFactory.apply] - Capabilities are: {
  "acceptInsecureCerts": true,
  "browserName": "chrome",
  "goog:chromeOptions": {
    "args": [
      "--disable-gpu",
      "--no-sandbox",
      "--start-maximized",
      "--window-size=1341,810"
    ]
  }
}
22:26:15.437 INFO [ActiveSessionFactory.lambda$apply$11] - Matched factory org.openqa.selenium.grid.session.remote.ServicedSession$Factory (provider: org.openqa.selenium.chrome.ChromeDriverService)
Starting ChromeDriver 83.0.4103.39 (ccbf011cb2d2b19b506d844400483861342c20cd-refs/branch-heads/4103@{#416}) on port 25755
Only local connections are allowed.
Please see https://chromedriver.chromium.org/security-considerations for suggestions on keeping ChromeDriver safe.
[1595609775.467][WARNING]: FromSockAddr failed on netmask
ChromeDriver was started successfully.
[1595609776.414][WARNING]: This version of ChromeDriver has not been tested with Chrome version 84.
22:26:16.755 INFO [ProtocolHandshake.createSession] - Detected dialect: W3C
22:26:16.779 INFO [RemoteSession$Factory.lambda$performHandshake$0] - Started new session b4e0d36c2a6a8ac454da96f87cc11da6 (org.openqa.selenium.chrome.ChromeDriverService)
22:26:18.531 INFO [ActiveSessions$1.onStop] - Removing session b4e0d36c2a6a8ac454da96f87cc11da6 (org.openqa.selenium.chrome.ChromeDriverService)
22:26:18.559 WARN [ActiveSessions.lambda$null$0] - Caught exception closing session: b4e0d36c2a6a8ac454da96f87cc11da6
java.lang.IllegalStateException: Shutdown in progress
	at java.base/java.lang.ApplicationShutdownHooks.remove(ApplicationShutdownHooks.java:82)
	at java.base/java.lang.Runtime.removeShutdownHook(Runtime.java:241)
	at org.openqa.selenium.io.TemporaryFilesystem.deleteBaseDir(TemporaryFilesystem.java:160)
	at org.openqa.selenium.remote.server.ActiveSessions$3.onStop(ActiveSessions.java:85)
	at org.openqa.selenium.remote.server.ActiveSessions.lambda$null$0(ActiveSessions.java:51)
	at java.base/java.lang.Iterable.forEach(Iterable.java:75)
	at org.openqa.selenium.remote.server.ActiveSessions.lambda$new$1(ActiveSessions.java:49)
	at com.google.common.cache.LocalCache.processPendingNotifications(LocalCache.java:1811)
	at com.google.common.cache.LocalCache$Segment.runUnlockedCleanup(LocalCache.java:3463)
	at com.google.common.cache.LocalCache$Segment.postWriteCleanup(LocalCache.java:3439)
	at com.google.common.cache.LocalCache$Segment.remove(LocalCache.java:3073)
	at com.google.common.cache.LocalCache.remove(LocalCache.java:4234)
	at com.google.common.cache.LocalCache$LocalManualCache.invalidate(LocalCache.java:4898)
	at org.openqa.selenium.remote.server.ActiveSessions.invalidate(ActiveSessions.java:103)
	at org.openqa.selenium.remote.server.WebDriverServlet.handle(WebDriverServlet.java:264)
	at org.openqa.selenium.remote.server.WebDriverServlet.doDelete(WebDriverServlet.java:133)
	at javax.servlet.http.HttpServlet.service(HttpServlet.java:713)
	at org.openqa.selenium.remote.server.WebDriverServlet.service(WebDriverServlet.java:114)
	at javax.servlet.http.HttpServlet.service(HttpServlet.java:790)
	at org.seleniumhq.jetty9.servlet.ServletHolder.handle(ServletHolder.java:865)
	at org.seleniumhq.jetty9.servlet.ServletHandler.doHandle(ServletHandler.java:535)
	at org.seleniumhq.jetty9.server.handler.ScopedHandler.handle(ScopedHandler.java:146)
	at org.seleniumhq.jetty9.security.SecurityHandler.handle(SecurityHandler.java:548)
	at org.seleniumhq.jetty9.server.handler.HandlerWrapper.handle(HandlerWrapper.java:132)
	at org.seleniumhq.jetty9.server.handler.ScopedHandler.nextHandle(ScopedHandler.java:257)
	at org.seleniumhq.jetty9.server.handler.ContextHandler.doHandle(ContextHandler.java:1340)
	at org.seleniumhq.jetty9.server.handler.ScopedHandler.nextScope(ScopedHandler.java:203)
	at org.seleniumhq.jetty9.servlet.ServletHandler.doScope(ServletHandler.java:473)
	at org.seleniumhq.jetty9.server.handler.ScopedHandler.nextScope(ScopedHandler.java:201)
	at org.seleniumhq.jetty9.server.handler.ContextHandler.doScope(ContextHandler.java:1242)
	at org.seleniumhq.jetty9.server.handler.ScopedHandler.handle(ScopedHandler.java:144)
	at org.seleniumhq.jetty9.server.handler.HandlerWrapper.handle(HandlerWrapper.java:132)
	at org.seleniumhq.jetty9.server.Server.handle(Server.java:503)
	at org.seleniumhq.jetty9.server.HttpChannel.handle(HttpChannel.java:364)
	at org.seleniumhq.jetty9.server.HttpConnection.onFillable(HttpConnection.java:260)
	at org.seleniumhq.jetty9.io.AbstractConnection$ReadCallback.succeeded(AbstractConnection.java:305)
	at org.seleniumhq.jetty9.io.FillInterest.fillable(FillInterest.java:103)
	at org.seleniumhq.jetty9.io.ChannelEndPoint$2.run(ChannelEndPoint.java:118)
	at org.seleniumhq.jetty9.util.thread.strategy.EatWhatYouKill.runTask(EatWhatYouKill.java:333)
	at org.seleniumhq.jetty9.util.thread.strategy.EatWhatYouKill.doProduce(EatWhatYouKill.java:310)
	at org.seleniumhq.jetty9.util.thread.strategy.EatWhatYouKill.tryProduce(EatWhatYouKill.java:168)
	at org.seleniumhq.jetty9.util.thread.strategy.EatWhatYouKill.run(EatWhatYouKill.java:126)
	at org.seleniumhq.jetty9.util.thread.ReservedThreadExecutor$ReservedThread.run(ReservedThreadExecutor.java:366)
	at org.seleniumhq.jetty9.util.thread.QueuedThreadPool.runJob(QueuedThreadPool.java:765)
	at org.seleniumhq.jetty9.util.thread.QueuedThreadPool$2.run(QueuedThreadPool.java:683)
	at java.base/java.lang.Thread.run(Thread.java:830)
